Clearing Scene...
Creating MPFB Human...
Active Object after creation: Human (Type: MESH)
Bounds: X[-0.53, 0.53] Y[-0.33, 0.10] Z[0.00, 1.66]
Dimensions: Width=1.05, Depth=0.43, Height=1.66
Creating Loose Shirt: Radius=0.28, Height=0.61
Clearing Scene...
Creating MPFB Human...
Active Object after creation: Human (Type: MESH)
Bounds: X[-0.53, 0.53] Y[-0.33, 0.10] Z[0.00, 1.66]
Dimensions: Width=1.05, Depth=0.43, Height=1.66
Adding cylinder...
Error adding cylinder: Converting py args to operator properties:: keyword "cap_ends" unrecognized
CRITICAL ERROR: Converting py args to operator properties:: keyword "cap_ends" unrecognized
Traceback (most recent call last):
  File "<string>", line 232, in <module>
  File "<string>", line 118, in run
  File "<string>", line 107, in run
  File "C:\dell\Blender\5.0\scripts\modules\bpy\ops.py", line 109, in __call__
    ret = _op_call(self.idname_py(), kw)
          ^^^^^^^^^^^^^^^^^^^^^^^^^^^^^^
TypeError: Converting py args to operator properties:: keyword "cap_ends" unrecognized

Clearing Scene...
Creating MPFB Human...
Active Object after creation: Human (Type: MESH)
Bounds: X[-0.53, 0.53] Y[-0.33, 0.10] Z[0.00, 1.66]
Dimensions: Width=1.05, Depth=0.43, Height=1.66
Adding cylinder...
Cylinder added: 柱体
Subdividing...
Adding modifiers...
Exporting Body...
Exported Body to E:\Orchid Gesture\client\public\models\mpfb_body.glb
Exporting Shirt...
Exported Shirt to E:\Orchid Gesture\client\public\models\fitted_shirt.glb
Clearing Scene...
Creating MPFB Human...
Active Object after creation: Human (Type: MESH)
Bounds: X[-0.53, 0.53] Y[-0.33, 0.10] Z[0.00, 1.66]
Dimensions: Width=1.05, Depth=0.43, Height=1.66
Adding cylinder...
Cylinder added: 柱体
Subdividing...
Adding modifiers...
Applying Shrinkwrap...
Creating Boolean Cutters...
Applying Booleans...
Voxel Remeshing...
Exporting Body...
Exported Body to E:\Orchid Gesture\client\public\models\mpfb_body.glb
Exporting Shirt...
Exported Shirt to E:\Orchid Gesture\client\public\models\fitted_shirt.glb
Clearing Scene...
Creating MPFB Human...
Active Object after creation: Human (Type: MESH)
Bounds: X[-0.53, 0.53] Y[-0.33, 0.10] Z[0.00, 1.66]
Dimensions: Width=1.05, Depth=0.43, Height=1.66
Adding cylinder...
Cylinder added: 柱体
Subdividing...
Adding modifiers...
Applying Shrinkwrap...
Solidifying...
Creating Boolean Cutters...
Applying Booleans...
Deleting Cutters...
Voxel Remeshing...
CRITICAL ERROR: name 'mod_smooth' is not defined
Traceback (most recent call last):
  File "<string>", line 341, in <module>
  File "<string>", line 254, in run
NameError: name 'mod_smooth' is not defined

Clearing Scene...
Creating MPFB Human...
Active Object after creation: Human (Type: MESH)
Bounds: X[-0.53, 0.53] Y[-0.33, 0.10] Z[0.00, 1.66]
Dimensions: Width=1.05, Depth=0.43, Height=1.66
Adding cylinder...
Cylinder added: 柱体
Subdividing...
Adding modifiers...
Applying Shrinkwrap...
Solidifying...
Creating Boolean Cutters...
Applying Booleans...
Deleting Cutters...
Voxel Remeshing...
Exporting Body...
Exported Body to E:\Orchid Gesture\client\public\models\mpfb_body.glb
Exporting Shirt...
Exported Shirt to E:\Orchid Gesture\client\public\models\fitted_shirt.glb
Clearing Scene...
Creating MPFB Human...
Active Object after creation: Human (Type: MESH)
Bounds: X[-0.53, 0.53] Y[-0.33, 0.10] Z[0.00, 1.66]
Dimensions: Width=1.05, Depth=0.43, Height=1.66
Adding cylinder...
Cylinder added: 柱体
Subdividing...
Adding modifiers...
Applying Shrinkwrap...
Solidifying...
Creating Boolean Cutters...
Applying Booleans...
Deleting Cutters...
Voxel Remeshing...
Exporting Body...
Exported Body to E:\Orchid Gesture\client\public\models\mpfb_body.glb
Exporting Shirt...
Exported Shirt to E:\Orchid Gesture\client\public\models\fitted_shirt.glb
Clearing Scene...
Creating MPFB Human...
Active Object after creation: Human (Type: MESH)
Bounds: X[-0.53, 0.53] Y[-0.33, 0.10] Z[0.00, 1.66]
Dimensions: Width=1.05, Depth=0.43, Height=1.66
Adding cylinder...
Cylinder added: 柱体
Subdividing...
Adding modifiers...
Applying Shrinkwrap...
Solidifying...
Creating Boolean Cutters...
Applying Booleans...
Deleting Cutters...
Exporting Body...
Exported Body to E:\Orchid Gesture\client\public\models\mpfb_body.glb
Exporting Shirt...
Exported Shirt to E:\Orchid Gesture\client\public\models\fitted_shirt.glb
Clearing Scene...
Creating MPFB Human...
Active Object after creation: Human (Type: MESH)
Bounds: X[-0.53, 0.53] Y[-0.33, 0.10] Z[0.00, 1.66]
Dimensions: Width=1.05, Depth=0.43, Height=1.66
Adding cylinder...
Cylinder added: 柱体
Subdividing...
Adding modifiers...
Applying Shrinkwrap...
Solidifying...
Exporting Body...
Exported Body to E:\Orchid Gesture\client\public\models\mpfb_body.glb
Exporting Shirt...
Clearing Scene...
Creating MPFB Human...
Active Object after creation: Human (Type: MESH)
Bounds: X[-0.53, 0.53] Y[-0.33, 0.10] Z[0.00, 1.66]
Dimensions: Width=1.05, Depth=0.43, Height=1.66
Adding cylinder...
Cylinder added: 柱体
Subdividing...
Adding modifiers...
Applying Shrinkwrap...
Solidifying...
Creating Boolean Cutters...
Applying Booleans...
CRITICAL ERROR: bpy_struct: item.attr = val: enum "FAST" not found in ('FLOAT', 'EXACT', 'MANIFOLD')
Traceback (most recent call last):
  File "<string>", line 325, in <module>
  File "<string>", line 196, in run
TypeError: bpy_struct: item.attr = val: enum "FAST" not found in ('FLOAT', 'EXACT', 'MANIFOLD')

Clearing Scene...
Creating MPFB Human...
Active Object after creation: Human (Type: MESH)
Bounds: X[-0.53, 0.53] Y[-0.33, 0.10] Z[0.00, 1.66]
Dimensions: Width=1.05, Depth=0.43, Height=1.66
Adding cylinder...
Cylinder added: 柱体
Subdividing...
Adding modifiers...
Applying Shrinkwrap...
Solidifying...
Creating Boolean Cutters...
Applying Booleans...
Deleting Cutters...
Exporting Body...
Exported Body to E:\Orchid Gesture\client\public\models\mpfb_body.glb
Exporting Shirt...
